Start testing: Sep 17 16:46 UTC
----------------------------------------------------------
1/46 Testing: P01
1/46 Test: P01
Command: "/build/dev/workshop_tests" "P01"
Directory: /build/dev
"P01" start time: Sep 17 16:46 UTC
Output:
----------------------------------------------------------
{"caseId":"P01","sequence":0,"status":"PASS","variant":"DRAFT-G"}
{"caseId":"P01","sequence":1,"status":"PASS","variant":"hidden-equals-missing-G"}
{"caseId":"P01","sequence":2,"status":"PASS","variant":"admin-scope-DRAFTG"}
{"caseId":"P01","sequence":3,"status":"PASS","variant":"DRAFT-U"}
{"caseId":"P01","sequence":4,"status":"PASS","variant":"hidden-equals-missing-U"}
{"caseId":"P01","sequence":5,"status":"PASS","variant":"admin-scope-DRAFTU"}
{"caseId":"P01","sequence":6,"status":"PASS","variant":"DRAFT-A"}
{"caseId":"P01","sequence":7,"status":"PASS","variant":"hidden-equals-missing-A"}
{"caseId":"P01","sequence":8,"status":"PASS","variant":"admin-scope-DRAFTA"}
{"caseId":"P01","sequence":9,"status":"PASS","variant":"OPEN-G"}
{"caseId":"P01","sequence":10,"status":"PASS","variant":"admin-scope-OPENG"}
{"caseId":"P01","sequence":11,"status":"PASS","variant":"OPEN-U"}
{"caseId":"P01","sequence":12,"status":"PASS","variant":"admin-scope-OPENU"}
{"caseId":"P01","sequence":13,"status":"PASS","variant":"OPEN-A"}
{"caseId":"P01","sequence":14,"status":"PASS","variant":"admin-scope-OPENA"}
{"caseId":"P01","sequence":15,"status":"PASS","variant":"PAUSED-G"}
{"caseId":"P01","sequence":16,"status":"PASS","variant":"admin-scope-PAUSEDG"}
{"caseId":"P01","sequence":17,"status":"PASS","variant":"PAUSED-U"}
{"caseId":"P01","sequence":18,"status":"PASS","variant":"admin-scope-PAUSEDU"}
{"caseId":"P01","sequence":19,"status":"PASS","variant":"PAUSED-A"}
{"caseId":"P01","sequence":20,"status":"PASS","variant":"admin-scope-PAUSEDA"}
<end of output>
Test time =   0.56 sec
----------------------------------------------------------
Test Passed.
"P01" end time: Sep 17 16:46 UTC
"P01" time elapsed: 00:00:00
----------------------------------------------------------

2/46 Testing: P02
2/46 Test: P02
Command: "/build/dev/workshop_tests" "P02"
Directory: /build/dev
"P02" start time: Sep 17 16:46 UTC
Output:
----------------------------------------------------------
{"caseId":"P02","sequence":0,"status":"PASS","variant":"admin-role-GCREATE"}
{"caseId":"P02","sequence":1,"status":"PASS","variant":"admin-role-GEDIT"}
{"caseId":"P02","sequence":2,"status":"PASS","variant":"admin-role-UCREATE"}
{"caseId":"P02","sequence":3,"status":"PASS","variant":"admin-role-UEDIT"}
{"caseId":"P02","sequence":4,"status":"PASS","variant":"admin-role-VCREATE"}
{"caseId":"P02","sequence":5,"status":"PASS","variant":"admin-role-VEDIT"}
{"caseId":"P02","sequence":6,"status":"PASS","variant":"admin-role-ACREATE"}
{"caseId":"P02","sequence":7,"status":"PASS","variant":"admin-role-AEDIT"}
{"caseId":"P02","sequence":8,"status":"PASS","variant":"admin-role-MCREATE"}
{"caseId":"P02","sequence":9,"status":"PASS","variant":"admin-role-MEDIT"}
{"caseId":"P02","sequence":10,"status":"PASS","variant":"register-G"}
{"caseId":"P02","sequence":11,"status":"PASS","variant":"admin-G"}
{"caseId":"P02","sequence":12,"status":"PASS","variant":"forged-role-G"}
{"caseId":"P02","sequence":13,"status":"PASS","variant":"register-U"}
{"caseId":"P02","sequence":14,"status":"PASS","variant":"admin-U"}
{"caseId":"P02","sequence":15,"status":"PASS","variant":"forged-role-U"}
{"caseId":"P02","sequence":16,"status":"PASS","variant":"register-V"}
{"caseId":"P02","sequence":17,"status":"PASS","variant":"admin-V"}
{"caseId":"P02","sequence":18,"status":"PASS","variant":"forged-role-V"}
{"caseId":"P02","sequence":19,"status":"PASS","variant":"register-A"}
{"caseId":"P02","sequence":20,"status":"PASS","variant":"admin-A"}
{"caseId":"P02","sequence":21,"status":"PASS","variant":"forged-role-A"}
{"caseId":"P02","sequence":22,"status":"PASS","variant":"register-M"}
{"caseId":"P02","sequence":23,"status":"PASS","variant":"admin-M"}
{"caseId":"P02","sequence":24,"status":"PASS","variant":"forged-role-M"}
{"caseId":"P02","sequence":25,"status":"PASS","variant":"ownership-OPEN"}
{"caseId":"P02","sequence":26,"status":"PASS","variant":"admin-cannot-cancel-OPEN"}
{"caseId":"P02","sequence":27,"status":"PASS","variant":"ownership-PAUSED"}
{"caseId":"P02","sequence":28,"status":"PASS","variant":"admin-cannot-cancel-PAUSED"}
<end of output>
Test time =   1.07 sec
----------------------------------------------------------
Test Passed.
"P02" end time: Sep 17 16:46 UTC
"P02" time elapsed: 00:00:01
----------------------------------------------------------

3/46 Testing: P03
3/46 Test: P03
Command: "/build/dev/workshop_tests" "P03"
Directory: /build/dev
"P03" start time: Sep 17 16:46 UTC
Output:
----------------------------------------------------------
{"caseId":"P03","sequence":0,"status":"PASS","variant":"register-G"}
{"caseId":"P03","sequence":1,"status":"PASS","variant":"admin-G"}
{"caseId":"P03","sequence":2,"status":"PASS","variant":"forged-role-G"}
{"caseId":"P03","sequence":3,"status":"PASS","variant":"register-U"}
{"caseId":"P03","sequence":4,"status":"PASS","variant":"admin-U"}
{"caseId":"P03","sequence":5,"status":"PASS","variant":"forged-role-U"}
{"caseId":"P03","sequence":6,"status":"PASS","variant":"register-V"}
{"caseId":"P03","sequence":7,"status":"PASS","variant":"admin-V"}
{"caseId":"P03","sequence":8,"status":"PASS","variant":"forged-role-V"}
{"caseId":"P03","sequence":9,"status":"PASS","variant":"register-A"}
{"caseId":"P03","sequence":10,"status":"PASS","variant":"admin-A"}
{"caseId":"P03","sequence":11,"status":"PASS","variant":"forged-role-A"}
{"caseId":"P03","sequence":12,"status":"PASS","variant":"register-M"}
{"caseId":"P03","sequence":13,"status":"PASS","variant":"admin-M"}
{"caseId":"P03","sequence":14,"status":"PASS","variant":"forged-role-M"}
{"caseId":"P03","sequence":15,"status":"PASS","variant":"ownership-OPEN"}
{"caseId":"P03","sequence":16,"status":"PASS","variant":"admin-cannot-cancel-OPEN"}
{"caseId":"P03","sequence":17,"status":"PASS","variant":"ownership-PAUSED"}
{"caseId":"P03","sequence":18,"status":"PASS","variant":"admin-cannot-cancel-PAUSED"}
<end of output>
Test time =   0.50 sec
----------------------------------------------------------
Test Passed.
"P03" end time: Sep 17 16:46 UTC
"P03" time elapsed: 00:00:00
----------------------------------------------------------

4/46 Testing: P04
4/46 Test: P04
Command: "/build/dev/workshop_tests" "P04"
Directory: /build/dev
"P04" start time: Sep 17 16:46 UTC
Output:
----------------------------------------------------------
{"caseId":"P04","sequence":0,"status":"PASS","variant":"cancel-hidden-equals-missing-OPEN"}
{"caseId":"P04","sequence":1,"status":"PASS","variant":"cancel-hidden-equals-missing-PAUSED"}
{"caseId":"P04","sequence":2,"status":"PASS","variant":"DRAFT-G"}
{"caseId":"P04","sequence":3,"status":"PASS","variant":"hidden-equals-missing-G"}
{"caseId":"P04","sequence":4,"status":"PASS","variant":"admin-scope-DRAFTG"}
{"caseId":"P04","sequence":5,"status":"PASS","variant":"DRAFT-U"}
{"caseId":"P04","sequence":6,"status":"PASS","variant":"hidden-equals-missing-U"}
{"caseId":"P04","sequence":7,"status":"PASS","variant":"admin-scope-DRAFTU"}
{"caseId":"P04","sequence":8,"status":"PASS","variant":"DRAFT-A"}
{"caseId":"P04","sequence":9,"status":"PASS","variant":"hidden-equals-missing-A"}
{"caseId":"P04","sequence":10,"status":"PASS","variant":"admin-scope-DRAFTA"}
{"caseId":"P04","sequence":11,"status":"PASS","variant":"OPEN-G"}
{"caseId":"P04","sequence":12,"status":"PASS","variant":"admin-scope-OPENG"}
{"caseId":"P04","sequence":13,"status":"PASS","variant":"OPEN-U"}
{"caseId":"P04","sequence":14,"status":"PASS","variant":"admin-scope-OPENU"}
{"caseId":"P04","sequence":15,"status":"PASS","variant":"OPEN-A"}
{"caseId":"P04","sequence":16,"status":"PASS","variant":"admin-scope-OPENA"}
{"caseId":"P04","sequence":17,"status":"PASS","variant":"PAUSED-G"}
{"caseId":"P04","sequence":18,"status":"PASS","variant":"admin-scope-PAUSEDG"}
{"caseId":"P04","sequence":19,"status":"PASS","variant":"PAUSED-U"}
{"caseId":"P04","sequence":20,"status":"PASS","variant":"admin-scope-PAUSEDU"}
{"caseId":"P04","sequence":21,"status":"PASS","variant":"PAUSED-A"}
{"caseId":"P04","sequence":22,"status":"PASS","variant":"admin-scope-PAUSEDA"}
<end of output>
Test time =   0.68 sec
----------------------------------------------------------
Test Passed.
"P04" end time: Sep 17 16:46 UTC
"P04" time elapsed: 00:00:00
----------------------------------------------------------

5/46 Testing: P05
5/46 Test: P05
Command: "/build/dev/workshop_tests" "P05"
Directory: /build/dev
"P05" start time: Sep 17 16:46 UTC
Output:
----------------------------------------------------------
{"caseId":"P05","sequence":0,"status":"PASS","variant":"stable-id-tie"}
{"caseId":"P05","sequence":1,"status":"PASS","variant":"past-still-listed-first"}
<end of output>
Test time =   0.10 sec
----------------------------------------------------------
Test Passed.
"P05" end time: Sep 17 16:46 UTC
"P05" time elapsed: 00:00:00
----------------------------------------------------------

6/46 Testing: P06
6/46 Test: P06
Command: "/build/dev/workshop_tests" "P06"
Directory: /build/dev
"P06" start time: Sep 17 16:46 UTC
Output:
----------------------------------------------------------
{"caseId":"P06","sequence":0,"status":"PASS","variant":"history-keeps-two-identities"}
{"caseId":"P06","sequence":1,"status":"PASS","variant":"no-other-history"}
{"caseId":"P06","sequence":2,"status":"PASS","variant":"no-admin-history"}
<end of output>
Test time =   0.10 sec
----------------------------------------------------------
Test Passed.
"P06" end time: Sep 17 16:46 UTC
"P06" time elapsed: 00:00:00
----------------------------------------------------------

7/46 Testing: P07
7/46 Test: P07
Command: "/build/dev/workshop_tests" "P07"
Directory: /build/dev
"P07" start time: Sep 17 16:46 UTC
Output:
----------------------------------------------------------
{"caseId":"P07","sequence":0,"status":"PASS","variant":"DRAFT-DRAFT"}
{"caseId":"P07","sequence":1,"status":"PASS","variant":"event-DRAFTDRAFT"}
{"caseId":"P07","sequence":2,"status":"PASS","variant":"DRAFT-OPEN"}
{"caseId":"P07","sequence":3,"status":"PASS","variant":"event-DRAFTOPEN"}
{"caseId":"P07","sequence":4,"status":"PASS","variant":"DRAFT-PAUSED"}
{"caseId":"P07","sequence":5,"status":"PASS","variant":"event-DRAFTPAUSED"}
{"caseId":"P07","sequence":6,"status":"PASS","variant":"DRAFT-other"}
{"caseId":"P07","sequence":7,"status":"PASS","variant":"event-DRAFTother"}
{"caseId":"P07","sequence":8,"status":"PASS","variant":"OPEN-DRAFT"}
{"caseId":"P07","sequence":9,"status":"PASS","variant":"event-OPENDRAFT"}
{"caseId":"P07","sequence":10,"status":"PASS","variant":"OPEN-OPEN"}
{"caseId":"P07","sequence":11,"status":"PASS","variant":"event-OPENOPEN"}
{"caseId":"P07","sequence":12,"status":"PASS","variant":"OPEN-PAUSED"}
{"caseId":"P07","sequence":13,"status":"PASS","variant":"event-OPENPAUSED"}
{"caseId":"P07","sequence":14,"status":"PASS","variant":"OPEN-other"}
{"caseId":"P07","sequence":15,"status":"PASS","variant":"event-OPENother"}
{"caseId":"P07","sequence":16,"status":"PASS","variant":"PAUSED-DRAFT"}
{"caseId":"P07","sequence":17,"status":"PASS","variant":"event-PAUSEDDRAFT"}
{"caseId":"P07","sequence":18,"status":"PASS","variant":"PAUSED-OPEN"}
{"caseId":"P07","sequence":19,"status":"PASS","variant":"event-PAUSEDOPEN"}
{"caseId":"P07","sequence":20,"status":"PASS","variant":"PAUSED-PAUSED"}
{"caseId":"P07","sequence":21,"status":"PASS","variant":"event-PAUSEDPAUSED"}
{"caseId":"P07","sequence":22,"status":"PASS","variant":"PAUSED-other"}
{"caseId":"P07","sequence":23,"status":"PASS","variant":"event-PAUSEDother"}
<end of output>
Test time =   0.67 sec
----------------------------------------------------------
Test Passed.
"P07" end time: Sep 17 16:46 UTC
"P07" time elapsed: 00:00:00
----------------------------------------------------------

8/46 Testing: P08
8/46 Test: P08
Command: "/build/dev/workshop_tests" "P08"
Directory: /build/dev
"P08" start time: Sep 17 16:46 UTC
Output:
----------------------------------------------------------
{"caseId":"P08","sequence":0,"status":"PASS","variant":"no-clock-transition-DRAFT"}
{"caseId":"P08","sequence":1,"status":"PASS","variant":"no-clock-transition-OPEN"}
{"caseId":"P08","sequence":2,"status":"PASS","variant":"no-clock-transition-PAUSED"}
<end of output>
Test time =   0.16 sec
----------------------------------------------------------
Test Passed.
"P08" end time: Sep 17 16:46 UTC
"P08" time elapsed: 00:00:00
----------------------------------------------------------

9/46 Testing: R01
9/46 Test: R01
Command: "/build/dev/workshop_tests" "R01"
Directory: /build/dev
"R01" start time: Sep 17 16:46 UTC
Output:
----------------------------------------------------------
{"caseId":"R01","sequence":0,"status":"PASS","variant":"capacity-1"}
{"caseId":"R01","sequence":1,"status":"PASS","variant":"count-event-1"}
{"caseId":"R01","sequence":2,"status":"PASS","variant":"capacity-10"}
{"caseId":"R01","sequence":3,"status":"PASS","variant":"count-event-10"}
<end of output>
Test time =   0.17 sec
----------------------------------------------------------
Test Passed.
"R01" end time: Sep 17 16:46 UTC
"R01" time elapsed: 00:00:00
----------------------------------------------------------

10/46 Testing: R02
10/46 Test: R02
Command: "/build/dev/workshop_tests" "R02"
Directory: /build/dev
"R02" start time: Sep 17 16:46 UTC
Output:
----------------------------------------------------------
{"caseId":"R02","sequence":0,"status":"PASS","variant":"capacity-1"}
{"caseId":"R02","sequence":1,"status":"PASS","variant":"count-event-1"}
{"caseId":"R02","sequence":2,"status":"PASS","variant":"capacity-10"}
{"caseId":"R02","sequence":3,"status":"PASS","variant":"count-event-10"}
<end of output>
Test time =   0.17 sec
----------------------------------------------------------
Test Passed.
"R02" end time: Sep 17 16:46 UTC
"R02" time elapsed: 00:00:00
----------------------------------------------------------

11/46 Testing: R03
11/46 Test: R03
Command: "/build/dev/workshop_tests" "R03"
Directory: /build/dev
"R03" start time: Sep 17 16:46 UTC
Output:
----------------------------------------------------------
{"caseId":"R03","sequence":0,"status":"PASS","variant":"duplicate-before-full-1"}
{"caseId":"R03","sequence":1,"status":"PASS","variant":"no-duplicate-event"}
{"caseId":"R03","sequence":2,"status":"PASS","variant":"duplicate-before-full-10"}
{"caseId":"R03","sequence":3,"status":"PASS","variant":"no-duplicate-event"}
<end of output>
Test time =   0.14 sec
----------------------------------------------------------
Test Passed.
"R03" end time: Sep 17 16:46 UTC
"R03" time elapsed: 00:00:00
----------------------------------------------------------

12/46 Testing: R04
12/46 Test: R04
Command: "/build/dev/workshop_tests" "R04"
Directory: /build/dev
"R04" start time: Sep 17 16:46 UTC
Output:
----------------------------------------------------------
{"caseId":"R04","sequence":0,"status":"PASS","variant":"cancel-N1"}
{"caseId":"R04","sequence":1,"status":"PASS","variant":"one-slot-released-N1"}
{"caseId":"R04","sequence":2,"status":"PASS","variant":"cancel-N10"}
{"caseId":"R04","sequence":3,"status":"PASS","variant":"one-slot-released-N10"}
<end of output>
Test time =   0.18 sec
----------------------------------------------------------
Test Passed.
"R04" end time: Sep 17 16:46 UTC
"R04" time elapsed: 00:00:00
----------------------------------------------------------

13/46 Testing: R05
13/46 Test: R05
Command: "/build/dev/workshop_tests" "R05"
Directory: /build/dev
"R05" start time: Sep 17 16:46 UTC
Output:
----------------------------------------------------------
{"caseId":"R05","sequence":0,"status":"PASS","variant":"first-cancel"}
{"caseId":"R05","sequence":1,"status":"PASS","variant":"released"}
{"caseId":"R05","sequence":2,"status":"PASS","variant":"new-id"}
{"caseId":"R05","sequence":3,"status":"PASS","variant":"old-id-0"}
{"caseId":"R05","sequence":4,"status":"PASS","variant":"old-id-1"}
{"caseId":"R05","sequence":5,"status":"PASS","variant":"old-id-does-not-affect-B"}
{"caseId":"R05","sequence":6,"status":"PASS","variant":"first-cancel"}
{"caseId":"R05","sequence":7,"status":"PASS","variant":"released"}
{"caseId":"R05","sequence":8,"status":"PASS","variant":"new-id"}
{"caseId":"R05","sequence":9,"status":"PASS","variant":"old-id-0"}
{"caseId":"R05","sequence":10,"status":"PASS","variant":"old-id-1"}
{"caseId":"R05","sequence":11,"status":"PASS","variant":"old-id-does-not-affect-B"}
<end of output>
Test time =   0.19 sec
----------------------------------------------------------
Test Passed.
"R05" end time: Sep 17 16:46 UTC
"R05" time elapsed: 00:00:00
----------------------------------------------------------

14/46 Testing: R06
14/46 Test: R06
Command: "/build/dev/workshop_tests" "R06"
Directory: /build/dev
"R06" start time: Sep 17 16:46 UTC
Output:
----------------------------------------------------------
{"caseId":"R06","sequence":0,"status":"PASS","variant":"first-cancel"}
{"caseId":"R06","sequence":1,"status":"PASS","variant":"released"}
{"caseId":"R06","sequence":2,"status":"PASS","variant":"old-id-0"}
{"caseId":"R06","sequence":3,"status":"PASS","variant":"old-id-1"}
{"caseId":"R06","sequence":4,"status":"PASS","variant":"old-id-does-not-affect-B"}
{"caseId":"R06","sequence":5,"status":"PASS","variant":"first-cancel"}
{"caseId":"R06","sequence":6,"status":"PASS","variant":"released"}
{"caseId":"R06","sequence":7,"status":"PASS","variant":"old-id-0"}
{"caseId":"R06","sequence":8,"status":"PASS","variant":"old-id-1"}
{"caseId":"R06","sequence":9,"status":"PASS","variant":"old-id-does-not-affect-B"}
<end of output>
Test time =   0.19 sec
----------------------------------------------------------
Test Passed.
"R06" end time: Sep 17 16:46 UTC
"R06" time elapsed: 00:00:00
----------------------------------------------------------

15/46 Testing: R07
15/46 Test: R07
Command: "/build/dev/workshop_tests" "R07"
Directory: /build/dev
"R07" start time: Sep 17 16:46 UTC
Output:
----------------------------------------------------------
{"caseId":"R07","sequence":0,"status":"PASS","variant":"new-paused-00"}
{"caseId":"R07","sequence":1,"status":"PASS","variant":"paused-no-event"}
{"caseId":"R07","sequence":2,"status":"PASS","variant":"new-paused-01"}
{"caseId":"R07","sequence":3,"status":"PASS","variant":"paused-no-event"}
{"caseId":"R07","sequence":4,"status":"PASS","variant":"new-paused-10"}
{"caseId":"R07","sequence":5,"status":"PASS","variant":"cancel-paused"}
{"caseId":"R07","sequence":6,"status":"PASS","variant":"paused-no-event"}
{"caseId":"R07","sequence":7,"status":"PASS","variant":"new-paused-11"}
{"caseId":"R07","sequence":8,"status":"PASS","variant":"cancel-paused"}
{"caseId":"R07","sequence":9,"status":"PASS","variant":"paused-no-event"}
{"caseId":"R07","sequence":10,"status":"PASS","variant":"paused-before-already-cancelled"}
<end of output>
Test time =   0.40 sec
----------------------------------------------------------
Test Passed.
"R07" end time: Sep 17 16:46 UTC
"R07" time elapsed: 00:00:00
----------------------------------------------------------

16/46 Testing: R08
16/46 Test: R08
Command: "/build/dev/workshop_tests" "R08"
Directory: /build/dev
"R08" start time: Sep 17 16:46 UTC
Output:
----------------------------------------------------------
{"caseId":"R08","sequence":0,"status":"PASS","variant":"draft-not-accessible"}
{"caseId":"R08","sequence":1,"status":"PASS","variant":"missing-cancel-id"}
{"caseId":"R08","sequence":2,"status":"PASS","variant":"unchanged"}
<end of output>
Test time =   0.06 sec
----------------------------------------------------------
Test Passed.
"R08" end time: Sep 17 16:46 UTC
"R08" time elapsed: 00:00:00
----------------------------------------------------------

17/46 Testing: I01
17/46 Test: I01
Command: "/build/dev/workshop_tests" "I01"
Directory: /build/dev
"I01" start time: Sep 17 16:46 UTC
Output:
----------------------------------------------------------
{"caseId":"I01","sequence":0,"status":"PASS","variant":"response-lost"}
{"caseId":"I01","sequence":1,"status":"PASS","variant":"history-idempotent"}
{"caseId":"I01","sequence":2,"status":"PASS","variant":"single-result"}
<end of output>
Test time =   0.09 sec
----------------------------------------------------------
Test Passed.
"I01" end time: Sep 17 16:46 UTC
"I01" time elapsed: 00:00:00
----------------------------------------------------------

18/46 Testing: I02
18/46 Test: I02
Command: "/build/dev/workshop_tests" "I02"
Directory: /build/dev
"I02" start time: Sep 17 16:46 UTC
Output:
----------------------------------------------------------
{"caseId":"I02","sequence":0,"status":"PASS","variant":"historical-cancel"}
{"caseId":"I02","sequence":1,"status":"PASS","variant":"new-intent-current-state"}
<end of output>
Test time =   0.10 sec
----------------------------------------------------------
Test Passed.
"I02" end time: Sep 17 16:46 UTC
"I02" time elapsed: 00:00:00
----------------------------------------------------------

19/46 Testing: I03
19/46 Test: I03
Command: "/build/dev/workshop_tests" "I03"
Directory: /build/dev
"I03" start time: Sep 17 16:46 UTC
Output:
----------------------------------------------------------
{"caseId":"I03","sequence":0,"status":"PASS","variant":"action-conflict"}
{"caseId":"I03","sequence":1,"status":"PASS","variant":"workshop-conflict"}
{"caseId":"I03","sequence":2,"status":"PASS","variant":"registration-id-conflict"}
<end of output>
Test time =   0.12 sec
----------------------------------------------------------
Test Passed.
"I03" end time: Sep 17 16:46 UTC
"I03" time elapsed: 00:00:00
----------------------------------------------------------

20/46 Testing: I04
20/46 Test: I04
Command: "/build/dev/workshop_tests" "I04"
Directory: /build/dev
"I04" start time: Sep 17 16:46 UTC
Output:
----------------------------------------------------------
{"caseId":"I04","sequence":0,"status":"PASS","variant":"not-final"}
{"caseId":"I04","sequence":1,"status":"PASS","variant":"missing-not-proof-of-nonexecution"}
{"caseId":"I04","sequence":2,"status":"PASS","variant":"same-id-reconcile"}
<end of output>
Test time =   0.08 sec
----------------------------------------------------------
Test Passed.
"I04" end time: Sep 17 16:46 UTC
"I04" time elapsed: 00:00:00
----------------------------------------------------------

21/46 Testing: I05
21/46 Test: I05
Command: "/build/dev/workshop_tests" "I05"
Directory: /build/dev
"I05" start time: Sep 17 16:46 UTC
Output:
----------------------------------------------------------
{"caseId":"I05","sequence":0,"status":"PASS","variant":"history-00"}
{"caseId":"I05","sequence":1,"status":"PASS","variant":"history-01"}
{"caseId":"I05","sequence":2,"status":"PASS","variant":"history-10"}
{"caseId":"I05","sequence":3,"status":"PASS","variant":"history-11"}
<end of output>
Test time =   0.45 sec
----------------------------------------------------------
Test Passed.
"I05" end time: Sep 17 16:46 UTC
"I05" time elapsed: 00:00:00
----------------------------------------------------------

22/46 Testing: I06
22/46 Test: I06
Command: "/build/dev/workshop_tests" "I06"
Directory: /build/dev
"I06" start time: Sep 17 16:46 UTC
Output:
----------------------------------------------------------
{"caseId":"I06","sequence":0,"status":"PASS","variant":"no-cross-actor-result"}
{"caseId":"I06","sequence":1,"status":"PASS","variant":"same-literal-different-actor"}
{"caseId":"I06","sequence":2,"status":"PASS","variant":"revoked-before-history"}
<end of output>
Test time =   0.09 sec
----------------------------------------------------------
Test Passed.
"I06" end time: Sep 17 16:46 UTC
"I06" time elapsed: 00:00:00
----------------------------------------------------------

23/46 Testing: I07
23/46 Test: I07
Command: "/build/dev/workshop_tests" "I07"
Directory: /build/dev
"I07" start time: Sep 17 16:46 UTC
Output:
----------------------------------------------------------
{"caseId":"I07","sequence":0,"status":"PASS","variant":"original-full"}
{"caseId":"I07","sequence":1,"status":"PASS","variant":"full-stays-historical"}
{"caseId":"I07","sequence":2,"status":"PASS","variant":"new-id-new-decision"}
<end of output>
Test time =   0.11 sec
----------------------------------------------------------
Test Passed.
"I07" end time: Sep 17 16:46 UTC
"I07" time elapsed: 00:00:00
----------------------------------------------------------

24/46 Testing: I08
24/46 Test: I08
Command: "/build/dev/workshop_tests" "I08"
Directory: /build/dev
"I08" start time: Sep 17 16:46 UTC
Output:
----------------------------------------------------------
{"caseId":"I08","sequence":0,"status":"PASS","variant":"historical-cancel"}
{"caseId":"I08","sequence":1,"status":"PASS","variant":"new-intent-current-state"}
<end of output>
Test time =   0.10 sec
----------------------------------------------------------
Test Passed.
"I08" end time: Sep 17 16:46 UTC
"I08" time elapsed: 00:00:00
----------------------------------------------------------

25/46 Testing: I09
25/46 Test: I09
Command: "/build/dev/workshop_tests" "I09"
Directory: /build/dev
"I09" start time: Sep 17 16:46 UTC
Output:
----------------------------------------------------------
{"caseId":"I09","sequence":0,"status":"PASS","variant":"initial-same-intent-{\"code\":\"REGISTERED\",\"effect\":\"APPLIED\",\"registrationId\":\"bcaa5438a9d105f8528bd9501b922dca\",\"state\":\"FINAL\",\"workshopId\":\"472a80465e3cad83d0ce2645305b220d\"}"}
{"caseId":"I09","sequence":1,"status":"PASS","variant":"initial-same-intent-{\"code\":\"REGISTERED\",\"effect\":\"APPLIED\",\"registrationId\":\"bcaa5438a9d105f8528bd9501b922dca\",\"state\":\"FINAL\",\"workshopId\":\"472a80465e3cad83d0ce2645305b220d\"}"}
{"caseId":"I09","sequence":2,"status":"PASS","variant":"same-intent-reconciled"}
{"caseId":"I09","sequence":3,"status":"PASS","variant":"history-idempotent"}
{"caseId":"I09","sequence":4,"status":"PASS","variant":"single-result"}
<end of output>
Test time =   0.09 sec
----------------------------------------------------------
Test Passed.
"I09" end time: Sep 17 16:46 UTC
"I09" time elapsed: 00:00:00
----------------------------------------------------------

26/46 Testing: I10
26/46 Test: I10
Command: "/build/dev/workshop_tests" "I10"
Directory: /build/dev
"I10" start time: Sep 17 16:46 UTC
Output:
----------------------------------------------------------
{"caseId":"I10","sequence":0,"status":"PASS","variant":"cancel-unknown-0"}
{"caseId":"I10","sequence":1,"status":"PASS","variant":"cancel-history"}
{"caseId":"I10","sequence":2,"status":"PASS","variant":"reconcile-keeps-N-0"}
{"caseId":"I10","sequence":3,"status":"PASS","variant":"cancel-unknown-1"}
{"caseId":"I10","sequence":4,"status":"PASS","variant":"distinct-B"}
{"caseId":"I10","sequence":5,"status":"PASS","variant":"cancel-history"}
{"caseId":"I10","sequence":6,"status":"PASS","variant":"reconcile-keeps-N-1"}
<end of output>
Test time =   0.22 sec
----------------------------------------------------------
Test Passed.
"I10" end time: Sep 17 16:46 UTC
"I10" time elapsed: 00:00:00
----------------------------------------------------------

27/46 Testing: C01
27/46 Test: C01
Command: "/build/dev/workshop_tests" "C01"
Directory: /build/dev
"C01" start time: Sep 17 16:46 UTC
Output:
----------------------------------------------------------
{"caseId":"C01","sequence":0,"status":"PASS","variant":"one-active-forward"}
{"caseId":"C01","sequence":1,"status":"PASS","variant":"loser-forward"}
{"caseId":"C01","sequence":2,"status":"PASS","variant":"one-active-reverse"}
{"caseId":"C01","sequence":3,"status":"PASS","variant":"loser-reverse"}
{"caseId":"C01","sequence":4,"status":"PASS","variant":"race-initial-U-{\"code\":\"REGISTERED\",\"effect\":\"APPLIED\",\"registrationId\":\"9f8562fa6170373cec086a0f432fca92\",\"state\":\"FINAL\",\"workshopId\":\"2d08da11cc1d783b6078cc8661e28903\"}"}
{"caseId":"C01","sequence":5,"status":"PASS","variant":"race-initial-V-{\"code\":\"FULL\",\"effect\":\"REJECTED\",\"state\":\"FINAL\",\"workshopId\":\"2d08da11cc1d783b6078cc8661e28903\"}"}
{"caseId":"C01","sequence":6,"status":"PASS","variant":"barrier-last-seat-race"}
{"caseId":"C01","sequence":7,"status":"PASS","variant":"race-other-final-full"}
<end of output>
Test time =   0.19 sec
----------------------------------------------------------
Test Passed.
"C01" end time: Sep 17 16:46 UTC
"C01" time elapsed: 00:00:00
----------------------------------------------------------

28/46 Testing: C02
28/46 Test: C02
Command: "/build/dev/workshop_tests" "C02"
Directory: /build/dev
"C02" start time: Sep 17 16:46 UTC
Output:
----------------------------------------------------------
{"caseId":"C02","sequence":0,"status":"PASS","variant":"capacity-order-forward"}
{"caseId":"C02","sequence":1,"status":"PASS","variant":"rejected-order-forward"}
{"caseId":"C02","sequence":2,"status":"PASS","variant":"capacity-order-reverse"}
{"caseId":"C02","sequence":3,"status":"PASS","variant":"rejected-order-reverse"}
{"caseId":"C02","sequence":4,"status":"PASS","variant":"race-initial-U-{\"code\":\"REGISTERED\",\"effect\":\"APPLIED\",\"registrationId\":\"69af2a6cee1bee979cadbd75862e5f11\",\"state\":\"FINAL\",\"workshopId\":\"2dab0ee9ca8d4ebe0ffa28a6e7e74149\"}"}
{"caseId":"C02","sequence":5,"status":"PASS","variant":"race-initial-V-{\"code\":\"FULL\",\"effect\":\"REJECTED\",\"state\":\"FINAL\",\"workshopId\":\"2dab0ee9ca8d4ebe0ffa28a6e7e74149\"}"}
{"caseId":"C02","sequence":6,"status":"PASS","variant":"barrier-last-seat-race"}
{"caseId":"C02","sequence":7,"status":"PASS","variant":"race-other-final-full"}
<end of output>
Test time =   0.27 sec
----------------------------------------------------------
Test Passed.
"C02" end time: Sep 17 16:46 UTC
"C02" time elapsed: 00:00:00
----------------------------------------------------------

29/46 Testing: C03
29/46 Test: C03
Command: "/build/dev/workshop_tests" "C03"
Directory: /build/dev
"C03" start time: Sep 17 16:46 UTC
Output:
----------------------------------------------------------
{"caseId":"C03","sequence":0,"status":"PASS","variant":"pause-order-forward"}
{"caseId":"C03","sequence":1,"status":"PASS","variant":"pause-count-forward"}
{"caseId":"C03","sequence":2,"status":"PASS","variant":"pause-order-reverse"}
{"caseId":"C03","sequence":3,"status":"PASS","variant":"pause-count-reverse"}
{"caseId":"C03","sequence":4,"status":"PASS","variant":"race-initial-U-{\"code\":\"FULL\",\"effect\":\"REJECTED\",\"state\":\"FINAL\",\"workshopId\":\"19e8e8681739c1236af4c0e84529be5d\"}"}
{"caseId":"C03","sequence":5,"status":"PASS","variant":"race-initial-V-{\"code\":\"REGISTERED\",\"effect\":\"APPLIED\",\"registrationId\":\"ce63e485eeef43a0cf4fcf05c3f83246\",\"state\":\"FINAL\",\"workshopId\":\"19e8e8681739c1236af4c0e84529be5d\"}"}
{"caseId":"C03","sequence":6,"status":"PASS","variant":"barrier-last-seat-race"}
{"caseId":"C03","sequence":7,"status":"PASS","variant":"race-other-final-full"}
<end of output>
Test time =   0.20 sec
----------------------------------------------------------
Test Passed.
"C03" end time: Sep 17 16:46 UTC
"C03" time elapsed: 00:00:00
----------------------------------------------------------

30/46 Testing: C04
30/46 Test: C04
Command: "/build/dev/workshop_tests" "C04"
Directory: /build/dev
"C04" start time: Sep 17 16:46 UTC
Output:
----------------------------------------------------------
{"caseId":"C04","sequence":0,"status":"PASS","variant":"pause-order-forward"}
{"caseId":"C04","sequence":1,"status":"PASS","variant":"pause-count-forward"}
{"caseId":"C04","sequence":2,"status":"PASS","variant":"pause-order-reverse"}
{"caseId":"C04","sequence":3,"status":"PASS","variant":"pause-count-reverse"}
{"caseId":"C04","sequence":4,"status":"PASS","variant":"race-initial-U-{\"code\":\"FULL\",\"effect\":\"REJECTED\",\"state\":\"FINAL\",\"workshopId\":\"9c5d4e230abf79607e5f70e0ed07eac6\"}"}
{"caseId":"C04","sequence":5,"status":"PASS","variant":"race-initial-V-{\"code\":\"REGISTERED\",\"effect\":\"APPLIED\",\"registrationId\":\"566be635f59b7fdd794635f7b0bc9c2c\",\"state\":\"FINAL\",\"workshopId\":\"9c5d4e230abf79607e5f70e0ed07eac6\"}"}
{"caseId":"C04","sequence":6,"status":"PASS","variant":"barrier-last-seat-race"}
{"caseId":"C04","sequence":7,"status":"PASS","variant":"race-other-final-full"}
<end of output>
Test time =   0.23 sec
----------------------------------------------------------
Test Passed.
"C04" end time: Sep 17 16:47 UTC
"C04" time elapsed: 00:00:00
----------------------------------------------------------

31/46 Testing: C05
31/46 Test: C05
Command: "/build/dev/workshop_tests" "C05"
Directory: /build/dev
"C05" start time: Sep 17 16:47 UTC
Output:
----------------------------------------------------------
{"caseId":"C05","sequence":0,"status":"PASS","variant":"one-active-forward"}
{"caseId":"C05","sequence":1,"status":"PASS","variant":"loser-forward"}
{"caseId":"C05","sequence":2,"status":"PASS","variant":"one-active-reverse"}
{"caseId":"C05","sequence":3,"status":"PASS","variant":"loser-reverse"}
{"caseId":"C05","sequence":4,"status":"PASS","variant":"race-initial-U-{\"code\":\"REGISTERED\",\"effect\":\"APPLIED\",\"registrationId\":\"8e5dcd319323c9f3d302c8a4a6e0747a\",\"state\":\"FINAL\",\"workshopId\":\"37c7b3142150cc319087b5f0ee2a5b26\"}"}
{"caseId":"C05","sequence":5,"status":"PASS","variant":"race-initial-V-{\"code\":\"FULL\",\"effect\":\"REJECTED\",\"state\":\"FINAL\",\"workshopId\":\"37c7b3142150cc319087b5f0ee2a5b26\"}"}
{"caseId":"C05","sequence":6,"status":"PASS","variant":"barrier-last-seat-race"}
{"caseId":"C05","sequence":7,"status":"PASS","variant":"race-other-final-full"}
<end of output>
Test time =   0.20 sec
----------------------------------------------------------
Test Passed.
"C05" end time: Sep 17 16:47 UTC
"C05" time elapsed: 00:00:00
----------------------------------------------------------

32/46 Testing: D01
32/46 Test: D01
Command: "/build/dev/workshop_tests" "D01"
Directory: /build/dev
"D01" start time: Sep 17 16:47 UTC
Output:
----------------------------------------------------------
{"caseId":"D01","sequence":0,"status":"PASS","variant":"capacity-0"}
{"caseId":"D01","sequence":1,"status":"PASS","variant":"capacity-1"}
{"caseId":"D01","sequence":2,"status":"PASS","variant":"capacity-1000"}
{"caseId":"D01","sequence":3,"status":"PASS","variant":"capacity-1001"}
{"caseId":"D01","sequence":4,"status":"PASS","variant":"capacity--1"}
{"caseId":"D01","sequence":5,"status":"PASS","variant":"capacity-1.5"}
{"caseId":"D01","sequence":6,"status":"PASS","variant":"capacity-null"}
{"caseId":"D01","sequence":7,"status":"PASS","variant":"missing-capacity"}
<end of output>
Test time =   0.31 sec
----------------------------------------------------------
Test Passed.
"D01" end time: Sep 17 16:47 UTC
"D01" time elapsed: 00:00:00
----------------------------------------------------------

33/46 Testing: D02
33/46 Test: D02
Command: "/build/dev/workshop_tests" "D02"
Directory: /build/dev
"D02" start time: Sep 17 16:47 UTC
Output:
----------------------------------------------------------
{"caseId":"D02","sequence":0,"status":"PASS","variant":"capacity-floor-8"}
{"caseId":"D02","sequence":1,"status":"PASS","variant":"no-cancel"}
{"caseId":"D02","sequence":2,"status":"PASS","variant":"capacity-floor-9"}
{"caseId":"D02","sequence":3,"status":"PASS","variant":"no-cancel"}
{"caseId":"D02","sequence":4,"status":"PASS","variant":"capacity-floor-10"}
{"caseId":"D02","sequence":5,"status":"PASS","variant":"no-cancel"}
<end of output>
Test time =   0.29 sec
----------------------------------------------------------
Test Passed.
"D02" end time: Sep 17 16:47 UTC
"D02" time elapsed: 00:00:00
----------------------------------------------------------

34/46 Testing: D03
34/46 Test: D03
Command: "/build/dev/workshop_tests" "D03"
Directory: /build/dev
"D03" start time: Sep 17 16:47 UTC
Output:
----------------------------------------------------------
{"caseId":"D03","sequence":0,"status":"PASS","variant":"length-0"}
{"caseId":"D03","sequence":1,"status":"PASS","variant":"length-1"}
{"caseId":"D03","sequence":2,"status":"PASS","variant":"length-120"}
{"caseId":"D03","sequence":3,"status":"PASS","variant":"length-121"}
{"caseId":"D03","sequence":4,"status":"PASS","variant":"text- \t\r\n"}
{"caseId":"D03","sequence":5,"status":"PASS","variant":"text-a\nb"}
{"caseId":"D03","sequence":6,"status":"PASS","variant":"text-a\r\nb"}
{"caseId":"D03","sequence":7,"status":"PASS","variant":"text-\ud83d\ude00"}
{"caseId":"D03","sequence":8,"status":"PASS","variant":"missing"}
{"caseId":"D03","sequence":9,"status":"PASS","variant":"null"}
<end of output>
Test time =   0.35 sec
----------------------------------------------------------
Test Passed.
"D03" end time: Sep 17 16:47 UTC
"D03" time elapsed: 00:00:00
----------------------------------------------------------

35/46 Testing: D04
35/46 Test: D04
Command: "/build/dev/workshop_tests" "D04"
Directory: /build/dev
"D04" start time: Sep 17 16:47 UTC
Output:
----------------------------------------------------------
{"caseId":"D04","sequence":0,"status":"PASS","variant":"length-0"}
{"caseId":"D04","sequence":1,"status":"PASS","variant":"length-1"}
{"caseId":"D04","sequence":2,"status":"PASS","variant":"length-5000"}
{"caseId":"D04","sequence":3,"status":"PASS","variant":"length-5001"}
{"caseId":"D04","sequence":4,"status":"PASS","variant":"text- \t\r\n"}
{"caseId":"D04","sequence":5,"status":"PASS","variant":"text-a\nb"}
{"caseId":"D04","sequence":6,"status":"PASS","variant":"text-a\r\nb"}
{"caseId":"D04","sequence":7,"status":"PASS","variant":"text-\ud83d\ude00"}
{"caseId":"D04","sequence":8,"status":"PASS","variant":"missing"}
{"caseId":"D04","sequence":9,"status":"PASS","variant":"null"}
<end of output>
Test time =   0.38 sec
----------------------------------------------------------
Test Passed.
"D04" end time: Sep 17 16:47 UTC
"D04" time elapsed: 00:00:00
----------------------------------------------------------

36/46 Testing: D05
36/46 Test: D05
Command: "/build/dev/workshop_tests" "D05"
Directory: /build/dev
"D05" start time: Sep 17 16:47 UTC
Output:
----------------------------------------------------------
{"caseId":"D05","sequence":0,"status":"PASS","variant":"create-title<b>abc</b>"}
{"caseId":"D05","sequence":1,"status":"PASS","variant":"edit-title<b>abc</b>"}
{"caseId":"D05","sequence":2,"status":"PASS","variant":"no-event-<b>abc</b>"}
{"caseId":"D05","sequence":3,"status":"PASS","variant":"create-description<b>abc</b>"}
{"caseId":"D05","sequence":4,"status":"PASS","variant":"edit-description<b>abc</b>"}
{"caseId":"D05","sequence":5,"status":"PASS","variant":"no-event-<b>abc</b>"}
{"caseId":"D05","sequence":6,"status":"PASS","variant":"create-title**abc**"}
{"caseId":"D05","sequence":7,"status":"PASS","variant":"edit-title**abc**"}
{"caseId":"D05","sequence":8,"status":"PASS","variant":"no-event-**abc**"}
{"caseId":"D05","sequence":9,"status":"PASS","variant":"create-description**abc**"}
{"caseId":"D05","sequence":10,"status":"PASS","variant":"edit-description**abc**"}
{"caseId":"D05","sequence":11,"status":"PASS","variant":"no-event-**abc**"}
{"caseId":"D05","sequence":12,"status":"PASS","variant":"create-title_abc_"}
{"caseId":"D05","sequence":13,"status":"PASS","variant":"edit-title_abc_"}
{"caseId":"D05","sequence":14,"status":"PASS","variant":"no-event-_abc_"}
{"caseId":"D05","sequence":15,"status":"PASS","variant":"create-description_abc_"}
{"caseId":"D05","sequence":16,"status":"PASS","variant":"edit-description_abc_"}
{"caseId":"D05","sequence":17,"status":"PASS","variant":"no-event-_abc_"}
{"caseId":"D05","sequence":18,"status":"PASS","variant":"create-title[abc](https://example.test)"}
{"caseId":"D05","sequence":19,"status":"PASS","variant":"edit-title[abc](https://example.test)"}
{"caseId":"D05","sequence":20,"status":"PASS","variant":"no-event-[abc](https://example.test)"}
{"caseId":"D05","sequence":21,"status":"PASS","variant":"create-description[abc](https://example.test)"}
{"caseId":"D05","sequence":22,"status":"PASS","variant":"edit-description[abc](https://example.test)"}
{"caseId":"D05","sequence":23,"status":"PASS","variant":"no-event-[abc](https://example.test)"}
{"caseId":"D05","sequence":24,"status":"PASS","variant":"create-title# Heading"}
{"caseId":"D05","sequence":25,"status":"PASS","variant":"edit-title# Heading"}
{"caseId":"D05","sequence":26,"status":"PASS","variant":"no-event-# Heading"}
{"caseId":"D05","sequence":27,"status":"PASS","variant":"create-description# Heading"}
{"caseId":"D05","sequence":28,"status":"PASS","variant":"edit-description# Heading"}
{"caseId":"D05","sequence":29,"status":"PASS","variant":"no-event-# Heading"}
{"caseId":"D05","sequence":30,"status":"PASS","variant":"create-title- item"}
{"caseId":"D05","sequence":31,"status":"PASS","variant":"edit-title- item"}
{"caseId":"D05","sequence":32,"status":"PASS","variant":"no-event-- item"}
{"caseId":"D05","sequence":33,"status":"PASS","variant":"create-description- item"}
{"caseId":"D05","sequence":34,"status":"PASS","variant":"edit-description- item"}
{"caseId":"D05","sequence":35,"status":"PASS","variant":"no-event-- item"}
{"caseId":"D05","sequence":36,"status":"PASS","variant":"create-title```x```"}
{"caseId":"D05","sequence":37,"status":"PASS","variant":"edit-title```x```"}
{"caseId":"D05","sequence":38,"status":"PASS","variant":"no-event-```x```"}
{"caseId":"D05","sequence":39,"status":"PASS","variant":"create-description```x```"}
{"caseId":"D05","sequence":40,"status":"PASS","variant":"edit-description```x```"}
{"caseId":"D05","sequence":41,"status":"PASS","variant":"no-event-```x```"}
{"caseId":"D05","sequence":42,"status":"PASS","variant":"create-title<!-- comment -->"}
{"caseId":"D05","sequence":43,"status":"PASS","variant":"edit-title<!-- comment -->"}
{"caseId":"D05","sequence":44,"status":"PASS","variant":"no-event-<!-- comment -->"}
{"caseId":"D05","sequence":45,"status":"PASS","variant":"create-description<!-- comment -->"}
{"caseId":"D05","sequence":46,"status":"PASS","variant":"edit-description<!-- comment -->"}
{"caseId":"D05","sequence":47,"status":"PASS","variant":"no-event-<!-- comment -->"}
{"caseId":"D05","sequence":48,"status":"PASS","variant":"create-title<https://example.test>"}
{"caseId":"D05","sequence":49,"status":"PASS","variant":"edit-title<https://example.test>"}
{"caseId":"D05","sequence":50,"status":"PASS","variant":"no-event-<https://example.test>"}
{"caseId":"D05","sequence":51,"status":"PASS","variant":"create-description<https://example.test>"}
{"caseId":"D05","sequence":52,"status":"PASS","variant":"edit-description<https://example.test>"}
{"caseId":"D05","sequence":53,"status":"PASS","variant":"no-event-<https://example.test>"}
{"caseId":"D05","sequence":54,"status":"PASS","variant":"create-title[ref]: /somewhere"}
{"caseId":"D05","sequence":55,"status":"PASS","variant":"edit-title[ref]: /somewhere"}
{"caseId":"D05","sequence":56,"status":"PASS","variant":"no-event-[ref]: /somewhere"}
{"caseId":"D05","sequence":57,"status":"PASS","variant":"create-description[ref]: /somewhere"}
{"caseId":"D05","sequence":58,"status":"PASS","variant":"edit-description[ref]: /somewhere"}
{"caseId":"D05","sequence":59,"status":"PASS","variant":"no-event-[ref]: /somewhere"}
{"caseId":"D05","sequence":60,"status":"PASS","variant":"literal-L\u1edbp h\u1ecdc th\u1ee7 c\u00f4ng"}
{"caseId":"D05","sequence":61,"status":"PASS","variant":"literal-C++ & C#"}
{"caseId":"D05","sequence":62,"status":"PASS","variant":"literal-2 * 3 < 10"}
{"caseId":"D05","sequence":63,"status":"PASS","variant":"literal-a_b_c"}
{"caseId":"D05","sequence":64,"status":"PASS","variant":"literal-https://example.test"}
{"caseId":"D05","sequence":65,"status":"PASS","variant":"literal-\ud83d\ude00"}
<end of output>
Test time =   1.49 sec
----------------------------------------------------------
Test Passed.
"D05" end time: Sep 17 16:47 UTC
"D05" time elapsed: 00:00:01
----------------------------------------------------------

37/46 Testing: D06
37/46 Test: D06
Command: "/build/dev/workshop_tests" "D06"
Directory: /build/dev
"D06" start time: Sep 17 16:47 UTC
Output:
----------------------------------------------------------
{"caseId":"D06","sequence":0,"status":"PASS","variant":"end-2026-10-01T09:00:00+07:00"}
{"caseId":"D06","sequence":1,"status":"PASS","variant":"end-2026-10-01T08:59:59+07:00"}
{"caseId":"D06","sequence":2,"status":"PASS","variant":"end-2026-10-01T09:00:01+07:00"}
{"caseId":"D06","sequence":3,"status":"PASS","variant":"end-2026-10-01T02:00:00Z"}
{"caseId":"D06","sequence":4,"status":"PASS","variant":"end-2026-10-01T10:00:00"}
{"caseId":"D06","sequence":5,"status":"PASS","variant":"end-2026-02-30T10:00:00Z"}
{"caseId":"D06","sequence":6,"status":"PASS","variant":"missing-null-start1"}
{"caseId":"D06","sequence":7,"status":"PASS","variant":"missing-null-start0"}
{"caseId":"D06","sequence":8,"status":"PASS","variant":"missing-null-end1"}
{"caseId":"D06","sequence":9,"status":"PASS","variant":"missing-null-end0"}
<end of output>
Test time =   0.37 sec
----------------------------------------------------------
Test Passed.
"D06" end time: Sep 17 16:47 UTC
"D06" time elapsed: 00:00:00
----------------------------------------------------------

38/46 Testing: D07
38/46 Test: D07
Command: "/build/dev/workshop_tests" "D07"
Directory: /build/dev
"D07" start time: Sep 17 16:47 UTC
Output:
----------------------------------------------------------
{"caseId":"D07","sequence":0,"status":"PASS","variant":"DRAFTtitle"}
{"caseId":"D07","sequence":1,"status":"PASS","variant":"repeat-DRAFTtitle"}
{"caseId":"D07","sequence":2,"status":"PASS","variant":"repeat-no-event"}
{"caseId":"D07","sequence":3,"status":"PASS","variant":"DRAFTdescription"}
{"caseId":"D07","sequence":4,"status":"PASS","variant":"repeat-DRAFTdescription"}
{"caseId":"D07","sequence":5,"status":"PASS","variant":"repeat-no-event"}
{"caseId":"D07","sequence":6,"status":"PASS","variant":"DRAFTcapacity"}
{"caseId":"D07","sequence":7,"status":"PASS","variant":"repeat-DRAFTcapacity"}
{"caseId":"D07","sequence":8,"status":"PASS","variant":"repeat-no-event"}
{"caseId":"D07","sequence":9,"status":"PASS","variant":"DRAFTschedule"}
{"caseId":"D07","sequence":10,"status":"PASS","variant":"repeat-DRAFTschedule"}
{"caseId":"D07","sequence":11,"status":"PASS","variant":"repeat-no-event"}
{"caseId":"D07","sequence":12,"status":"PASS","variant":"OPENtitle"}
{"caseId":"D07","sequence":13,"status":"PASS","variant":"repeat-OPENtitle"}
{"caseId":"D07","sequence":14,"status":"PASS","variant":"repeat-no-event"}
{"caseId":"D07","sequence":15,"status":"PASS","variant":"OPENdescription"}
{"caseId":"D07","sequence":16,"status":"PASS","variant":"repeat-OPENdescription"}
{"caseId":"D07","sequence":17,"status":"PASS","variant":"repeat-no-event"}
{"caseId":"D07","sequence":18,"status":"PASS","variant":"OPENcapacity"}
{"caseId":"D07","sequence":19,"status":"PASS","variant":"repeat-OPENcapacity"}
{"caseId":"D07","sequence":20,"status":"PASS","variant":"repeat-no-event"}
{"caseId":"D07","sequence":21,"status":"PASS","variant":"OPENschedule"}
{"caseId":"D07","sequence":22,"status":"PASS","variant":"repeat-OPENschedule"}
{"caseId":"D07","sequence":23,"status":"PASS","variant":"repeat-no-event"}
{"caseId":"D07","sequence":24,"status":"PASS","variant":"PAUSEDtitle"}
{"caseId":"D07","sequence":25,"status":"PASS","variant":"repeat-PAUSEDtitle"}
{"caseId":"D07","sequence":26,"status":"PASS","variant":"repeat-no-event"}
{"caseId":"D07","sequence":27,"status":"PASS","variant":"PAUSEDdescription"}
{"caseId":"D07","sequence":28,"status":"PASS","variant":"repeat-PAUSEDdescription"}
{"caseId":"D07","sequence":29,"status":"PASS","variant":"repeat-no-event"}
{"caseId":"D07","sequence":30,"status":"PASS","variant":"PAUSEDcapacity"}
{"caseId":"D07","sequence":31,"status":"PASS","variant":"repeat-PAUSEDcapacity"}
{"caseId":"D07","sequence":32,"status":"PASS","variant":"repeat-no-event"}
{"caseId":"D07","sequence":33,"status":"PASS","variant":"PAUSEDschedule"}
{"caseId":"D07","sequence":34,"status":"PASS","variant":"repeat-PAUSEDschedule"}
{"caseId":"D07","sequence":35,"status":"PASS","variant":"repeat-no-event"}
<end of output>
Test time =   0.77 sec
----------------------------------------------------------
Test Passed.
"D07" end time: Sep 17 16:47 UTC
"D07" time elapsed: 00:00:00
----------------------------------------------------------

39/46 Testing: D08
39/46 Test: D08
Command: "/build/dev/workshop_tests" "D08"
Directory: /build/dev
"D08" start time: Sep 17 16:47 UTC
Output:
----------------------------------------------------------
{"caseId":"D08","sequence":0,"status":"PASS","variant":"schedule-with-active"}
{"caseId":"D08","sequence":1,"status":"PASS","variant":"no-return-draft"}
{"caseId":"D08","sequence":2,"status":"PASS","variant":"no-delete"}
<end of output>
Test time =   0.09 sec
----------------------------------------------------------
Test Passed.
"D08" end time: Sep 17 16:47 UTC
"D08" time elapsed: 00:00:00
----------------------------------------------------------

40/46 Testing: D09
40/46 Test: D09
Command: "/build/dev/workshop_tests" "D09"
Directory: /build/dev
"D09" start time: Sep 17 16:47 UTC
Output:
----------------------------------------------------------
{"caseId":"D09","sequence":0,"status":"PASS","variant":"create"}
{"caseId":"D09","sequence":1,"status":"PASS","variant":"draft-fields"}
{"caseId":"D09","sequence":2,"status":"PASS","variant":"private-draft"}
{"caseId":"D09","sequence":3,"status":"PASS","variant":"atomic-result-audit-outbox"}
<end of output>
Test time =   0.06 sec
----------------------------------------------------------
Test Passed.
"D09" end time: Sep 17 16:47 UTC
"D09" time elapsed: 00:00:00
----------------------------------------------------------

41/46 Testing: SQLFAIL
41/46 Test: SQLFAIL
Command: "/build/dev/workshop_tests" "SQLFAIL"
Directory: /build/dev
"SQLFAIL" start time: Sep 17 16:47 UTC
Output:
----------------------------------------------------------
{"caseId":"SQLFAIL","sequence":0,"status":"PASS","variant":"sqlite-step-request_results"}
{"caseId":"SQLFAIL","sequence":1,"status":"PASS","variant":"sqlite-atomic-request_results"}
{"caseId":"SQLFAIL","sequence":2,"status":"PASS","variant":"sqlite-step-outbox"}
{"caseId":"SQLFAIL","sequence":3,"status":"PASS","variant":"sqlite-atomic-outbox"}
{"caseId":"SQLFAIL","sequence":4,"status":"PASS","variant":"sqlite-step-admin_audit"}
{"caseId":"SQLFAIL","sequence":5,"status":"PASS","variant":"sqlite-atomic-admin_audit"}
{"caseId":"SQLFAIL","sequence":6,"status":"PASS","variant":"sqlite-prepare-error"}
{"caseId":"SQLFAIL","sequence":7,"status":"PASS","variant":"sqlite-commit-rejected"}
{"caseId":"SQLFAIL","sequence":8,"status":"PASS","variant":"rollback-unknown"}
{"caseId":"SQLFAIL","sequence":9,"status":"PASS","variant":"reopen-reconciles-uncommitted"}
<end of output>
Test time =   0.26 sec
----------------------------------------------------------
Test Passed.
"SQLFAIL" end time: Sep 17 16:47 UTC
"SQLFAIL" time elapsed: 00:00:00
----------------------------------------------------------

42/46 Testing: TX
42/46 Test: TX
Command: "/build/dev/workshop_tests" "TX"
Directory: /build/dev
"TX" start time: Sep 17 16:47 UTC
Output:
----------------------------------------------------------
{"caseId":"TX","sequence":0,"status":"PASS","variant":"fault-before_begin"}
{"caseId":"TX","sequence":1,"status":"PASS","variant":"atomic-before_begin"}
{"caseId":"TX","sequence":2,"status":"PASS","variant":"reconcile-before_begin"}
{"caseId":"TX","sequence":3,"status":"PASS","variant":"fault-after_domain"}
{"caseId":"TX","sequence":4,"status":"PASS","variant":"atomic-after_domain"}
{"caseId":"TX","sequence":5,"status":"PASS","variant":"reconcile-after_domain"}
{"caseId":"TX","sequence":6,"status":"PASS","variant":"fault-after_outbox"}
{"caseId":"TX","sequence":7,"status":"PASS","variant":"atomic-after_outbox"}
{"caseId":"TX","sequence":8,"status":"PASS","variant":"reconcile-after_outbox"}
{"caseId":"TX","sequence":9,"status":"PASS","variant":"fault-after_result"}
{"caseId":"TX","sequence":10,"status":"PASS","variant":"atomic-after_result"}
{"caseId":"TX","sequence":11,"status":"PASS","variant":"reconcile-after_result"}
{"caseId":"TX","sequence":12,"status":"PASS","variant":"fault-before_commit"}
{"caseId":"TX","sequence":13,"status":"PASS","variant":"atomic-before_commit"}
{"caseId":"TX","sequence":14,"status":"PASS","variant":"reconcile-before_commit"}
{"caseId":"TX","sequence":15,"status":"PASS","variant":"fault-after_commit"}
{"caseId":"TX","sequence":16,"status":"PASS","variant":"atomic-after_commit"}
{"caseId":"TX","sequence":17,"status":"PASS","variant":"reconcile-after_commit"}
{"caseId":"TX","sequence":18,"status":"PASS","variant":"admin-after_domain"}
{"caseId":"TX","sequence":19,"status":"PASS","variant":"admin-atomic-after_domain"}
{"caseId":"TX","sequence":20,"status":"PASS","variant":"admin-after_outbox"}
{"caseId":"TX","sequence":21,"status":"PASS","variant":"admin-atomic-after_outbox"}
{"caseId":"TX","sequence":22,"status":"PASS","variant":"admin-after_audit"}
{"caseId":"TX","sequence":23,"status":"PASS","variant":"admin-atomic-after_audit"}
{"caseId":"TX","sequence":24,"status":"PASS","variant":"admin-after_result"}
{"caseId":"TX","sequence":25,"status":"PASS","variant":"admin-atomic-after_result"}
{"caseId":"TX","sequence":26,"status":"PASS","variant":"admin-before_commit"}
{"caseId":"TX","sequence":27,"status":"PASS","variant":"admin-atomic-before_commit"}
<end of output>
Test time =   0.59 sec
----------------------------------------------------------
Test Passed.
"TX" end time: Sep 17 16:47 UTC
"TX" time elapsed: 00:00:00
----------------------------------------------------------

43/46 Testing: CRASH
43/46 Test: CRASH
Command: "/build/dev/workshop_tests" "CRASH"
Directory: /build/dev
"CRASH" start time: Sep 17 16:47 UTC
Output:
----------------------------------------------------------
{"caseId":"CRASH","sequence":0,"status":"PASS","variant":"injected-process-loss"}
{"caseId":"CRASH","sequence":1,"status":"PASS","variant":"durable-0"}
{"caseId":"CRASH","sequence":2,"status":"PASS","variant":"crash-reconcile"}
{"caseId":"CRASH","sequence":3,"status":"PASS","variant":"injected-process-loss"}
{"caseId":"CRASH","sequence":4,"status":"PASS","variant":"durable-1"}
{"caseId":"CRASH","sequence":5,"status":"PASS","variant":"crash-reconcile"}
<end of output>
Test time =   0.16 sec
----------------------------------------------------------
Test Passed.
"CRASH" end time: Sep 17 16:47 UTC
"CRASH" time elapsed: 00:00:00
----------------------------------------------------------

44/46 Testing: JSON
44/46 Test: JSON
Command: "/build/dev/workshop_tests" "JSON"
Directory: /build/dev
"JSON" start time: Sep 17 16:47 UTC
Output:
----------------------------------------------------------
{"caseId":"JSON","sequence":0,"status":"PASS","variant":"unicode-trim"}
{"caseId":"JSON","sequence":1,"status":"PASS","variant":"unicode-whitespace-only"}
{"caseId":"JSON","sequence":2,"status":"PASS","variant":"session-expired"}
{"caseId":"JSON","sequence":3,"status":"PASS","variant":"invalid-json-3"}
{"caseId":"JSON","sequence":4,"status":"PASS","variant":"invalid-json-4"}
{"caseId":"JSON","sequence":5,"status":"PASS","variant":"invalid-json-5"}
{"caseId":"JSON","sequence":6,"status":"PASS","variant":"invalid-json-6"}
{"caseId":"JSON","sequence":7,"status":"PASS","variant":"invalid-json-7"}
{"caseId":"JSON","sequence":8,"status":"PASS","variant":"invalid-json-8"}
{"caseId":"JSON","sequence":9,"status":"PASS","variant":"comment-rejected-9"}
{"caseId":"JSON","sequence":10,"status":"PASS","variant":"comment-rejected-10"}
{"caseId":"JSON","sequence":11,"status":"PASS","variant":"comment-rejected-11"}
{"caseId":"JSON","sequence":12,"status":"PASS","variant":"comment-rejected-12"}
{"caseId":"JSON","sequence":13,"status":"PASS","variant":"comment-rejected-13"}
{"caseId":"JSON","sequence":14,"status":"PASS","variant":"comment-rejected-14"}
{"caseId":"JSON","sequence":15,"status":"PASS","variant":"comment-rejected-15"}
{"caseId":"JSON","sequence":16,"status":"PASS","variant":"comment-rejected-16"}
{"caseId":"JSON","sequence":17,"status":"PASS","variant":"comment-rejected-17"}
{"caseId":"JSON","sequence":18,"status":"PASS","variant":"comment-rejected-18"}
{"caseId":"JSON","sequence":19,"status":"PASS","variant":"string-slashes-preserved-19"}
{"caseId":"JSON","sequence":20,"status":"PASS","variant":"string-slashes-preserved-20"}
{"caseId":"JSON","sequence":21,"status":"PASS","variant":"string-slashes-preserved-21"}
{"caseId":"JSON","sequence":22,"status":"PASS","variant":"string-slashes-preserved-22"}
{"caseId":"JSON","sequence":23,"status":"PASS","variant":"string-slashes-preserved-23"}
{"caseId":"JSON","sequence":24,"status":"PASS","variant":"string-slashes-preserved-24"}
{"caseId":"JSON","sequence":25,"status":"PASS","variant":"string-slashes-preserved-25"}
{"caseId":"JSON","sequence":26,"status":"PASS","variant":"uint64-not-double"}
{"caseId":"JSON","sequence":27,"status":"PASS","variant":"overflow-stops"}
{"caseId":"JSON","sequence":28,"status":"PASS","variant":"unknown-field"}
{"caseId":"JSON","sequence":29,"status":"PASS","variant":"csrf"}
{"caseId":"JSON","sequence":30,"status":"PASS","variant":"origin"}
{"caseId":"JSON","sequence":31,"status":"PASS","variant":"epoch"}
{"caseId":"JSON","sequence":32,"status":"PASS","variant":"no-mutation"}
<end of output>
Test time =   0.12 sec
----------------------------------------------------------
Test Passed.
"JSON" end time: Sep 17 16:47 UTC
"JSON" time elapsed: 00:00:00
----------------------------------------------------------

45/46 Testing: K3K4
45/46 Test: K3K4
Command: "/build/dev/workshop_tests" "K3K4"
Directory: /build/dev
"K3K4" start time: Sep 17 16:47 UTC
Output:
----------------------------------------------------------
{"caseId":"K3K4","sequence":0,"status":"PASS","variant":"admin-dedup"}
{"caseId":"K3K4","sequence":1,"status":"PASS","variant":"dirty-field-last-writer"}
{"caseId":"K3K4","sequence":2,"status":"PASS","variant":"schedule-atomic-group"}
{"caseId":"K3K4","sequence":3,"status":"PASS","variant":"admin-intent-other-owner"}
{"caseId":"K3K4","sequence":4,"status":"PASS","variant":"admin-missing-unknown"}
<end of output>
Test time =   0.10 sec
----------------------------------------------------------
Test Passed.
"K3K4" end time: Sep 17 16:47 UTC
"K3K4" time elapsed: 00:00:00
----------------------------------------------------------

46/46 Testing: ADMISSION
46/46 Test: ADMISSION
Command: "/build/dev/workshop_tests" "ADMISSION"
Directory: /build/dev
"ADMISSION" start time: Sep 17 16:47 UTC
Output:
----------------------------------------------------------
{"caseId":"ADMISSION","sequence":0,"status":"PASS","variant":"global-0"}
{"caseId":"ADMISSION","sequence":1,"status":"PASS","variant":"global-1"}
{"caseId":"ADMISSION","sequence":2,"status":"PASS","variant":"global-2"}
{"caseId":"ADMISSION","sequence":3,"status":"PASS","variant":"global-3"}
{"caseId":"ADMISSION","sequence":4,"status":"PASS","variant":"global-4"}
{"caseId":"ADMISSION","sequence":5,"status":"PASS","variant":"global-5"}
{"caseId":"ADMISSION","sequence":6,"status":"PASS","variant":"global-6"}
{"caseId":"ADMISSION","sequence":7,"status":"PASS","variant":"global-7"}
{"caseId":"ADMISSION","sequence":8,"status":"PASS","variant":"global-8"}
{"caseId":"ADMISSION","sequence":9,"status":"PASS","variant":"global-9"}
{"caseId":"ADMISSION","sequence":10,"status":"PASS","variant":"global-10"}
{"caseId":"ADMISSION","sequence":11,"status":"PASS","variant":"global-11"}
{"caseId":"ADMISSION","sequence":12,"status":"PASS","variant":"global-12"}
{"caseId":"ADMISSION","sequence":13,"status":"PASS","variant":"global-13"}
{"caseId":"ADMISSION","sequence":14,"status":"PASS","variant":"global-14"}
{"caseId":"ADMISSION","sequence":15,"status":"PASS","variant":"global-15"}
{"caseId":"ADMISSION","sequence":16,"status":"PASS","variant":"global-16"}
{"caseId":"ADMISSION","sequence":17,"status":"PASS","variant":"global-17"}
{"caseId":"ADMISSION","sequence":18,"status":"PASS","variant":"global-18"}
{"caseId":"ADMISSION","sequence":19,"status":"PASS","variant":"global-19"}
{"caseId":"ADMISSION","sequence":20,"status":"PASS","variant":"global-20"}
{"caseId":"ADMISSION","sequence":21,"status":"PASS","variant":"global-21"}
{"caseId":"ADMISSION","sequence":22,"status":"PASS","variant":"global-22"}
{"caseId":"ADMISSION","sequence":23,"status":"PASS","variant":"global-23"}
{"caseId":"ADMISSION","sequence":24,"status":"PASS","variant":"global-24"}
{"caseId":"ADMISSION","sequence":25,"status":"PASS","variant":"global-25"}
{"caseId":"ADMISSION","sequence":26,"status":"PASS","variant":"global-26"}
{"caseId":"ADMISSION","sequence":27,"status":"PASS","variant":"global-27"}
{"caseId":"ADMISSION","sequence":28,"status":"PASS","variant":"global-28"}
{"caseId":"ADMISSION","sequence":29,"status":"PASS","variant":"global-29"}
{"caseId":"ADMISSION","sequence":30,"status":"PASS","variant":"global-30"}
{"caseId":"ADMISSION","sequence":31,"status":"PASS","variant":"global-31"}
{"caseId":"ADMISSION","sequence":32,"status":"PASS","variant":"global-32"}
{"caseId":"ADMISSION","sequence":33,"status":"PASS","variant":"global-33"}
{"caseId":"ADMISSION","sequence":34,"status":"PASS","variant":"global-34"}
{"caseId":"ADMISSION","sequence":35,"status":"PASS","variant":"global-35"}
{"caseId":"ADMISSION","sequence":36,"status":"PASS","variant":"global-36"}
{"caseId":"ADMISSION","sequence":37,"status":"PASS","variant":"global-37"}
{"caseId":"ADMISSION","sequence":38,"status":"PASS","variant":"global-38"}
{"caseId":"ADMISSION","sequence":39,"status":"PASS","variant":"global-39"}
{"caseId":"ADMISSION","sequence":40,"status":"PASS","variant":"global-40"}
{"caseId":"ADMISSION","sequence":41,"status":"PASS","variant":"global-41"}
{"caseId":"ADMISSION","sequence":42,"status":"PASS","variant":"global-42"}
{"caseId":"ADMISSION","sequence":43,"status":"PASS","variant":"global-43"}
{"caseId":"ADMISSION","sequence":44,"status":"PASS","variant":"global-44"}
{"caseId":"ADMISSION","sequence":45,"status":"PASS","variant":"global-45"}
{"caseId":"ADMISSION","sequence":46,"status":"PASS","variant":"global-46"}
{"caseId":"ADMISSION","sequence":47,"status":"PASS","variant":"global-47"}
{"caseId":"ADMISSION","sequence":48,"status":"PASS","variant":"global-48"}
{"caseId":"ADMISSION","sequence":49,"status":"PASS","variant":"global-49"}
{"caseId":"ADMISSION","sequence":50,"status":"PASS","variant":"global-50"}
{"caseId":"ADMISSION","sequence":51,"status":"PASS","variant":"global-51"}
{"caseId":"ADMISSION","sequence":52,"status":"PASS","variant":"global-52"}
{"caseId":"ADMISSION","sequence":53,"status":"PASS","variant":"global-53"}
{"caseId":"ADMISSION","sequence":54,"status":"PASS","variant":"global-54"}
{"caseId":"ADMISSION","sequence":55,"status":"PASS","variant":"global-55"}
{"caseId":"ADMISSION","sequence":56,"status":"PASS","variant":"global-56"}
{"caseId":"ADMISSION","sequence":57,"status":"PASS","variant":"global-57"}
{"caseId":"ADMISSION","sequence":58,"status":"PASS","variant":"global-58"}
{"caseId":"ADMISSION","sequence":59,"status":"PASS","variant":"global-59"}
{"caseId":"ADMISSION","sequence":60,"status":"PASS","variant":"global-60"}
{"caseId":"ADMISSION","sequence":61,"status":"PASS","variant":"global-61"}
{"caseId":"ADMISSION","sequence":62,"status":"PASS","variant":"global-62"}
{"caseId":"ADMISSION","sequence":63,"status":"PASS","variant":"global-63"}
{"caseId":"ADMISSION","sequence":64,"status":"PASS","variant":"global-64"}
{"caseId":"ADMISSION","sequence":65,"status":"PASS","variant":"global-65"}
{"caseId":"ADMISSION","sequence":66,"status":"PASS","variant":"global-66"}
{"caseId":"ADMISSION","sequence":67,"status":"PASS","variant":"global-67"}
{"caseId":"ADMISSION","sequence":68,"status":"PASS","variant":"global-68"}
{"caseId":"ADMISSION","sequence":69,"status":"PASS","variant":"global-69"}
{"caseId":"ADMISSION","sequence":70,"status":"PASS","variant":"global-70"}
{"caseId":"ADMISSION","sequence":71,"status":"PASS","variant":"global-71"}
{"caseId":"ADMISSION","sequence":72,"status":"PASS","variant":"global-72"}
{"caseId":"ADMISSION","sequence":73,"status":"PASS","variant":"global-73"}
{"caseId":"ADMISSION","sequence":74,"status":"PASS","variant":"global-74"}
{"caseId":"ADMISSION","sequence":75,"status":"PASS","variant":"global-75"}
{"caseId":"ADMISSION","sequence":76,"status":"PASS","variant":"global-76"}
{"caseId":"ADMISSION","sequence":77,"status":"PASS","variant":"global-77"}
{"caseId":"ADMISSION","sequence":78,"status":"PASS","variant":"global-78"}
{"caseId":"ADMISSION","sequence":79,"status":"PASS","variant":"global-79"}
{"caseId":"ADMISSION","sequence":80,"status":"PASS","variant":"global-80"}
{"caseId":"ADMISSION","sequence":81,"status":"PASS","variant":"global-81"}
{"caseId":"ADMISSION","sequence":82,"status":"PASS","variant":"global-82"}
{"caseId":"ADMISSION","sequence":83,"status":"PASS","variant":"global-83"}
{"caseId":"ADMISSION","sequence":84,"status":"PASS","variant":"global-84"}
{"caseId":"ADMISSION","sequence":85,"status":"PASS","variant":"global-85"}
{"caseId":"ADMISSION","sequence":86,"status":"PASS","variant":"global-86"}
{"caseId":"ADMISSION","sequence":87,"status":"PASS","variant":"global-87"}
{"caseId":"ADMISSION","sequence":88,"status":"PASS","variant":"global-88"}
{"caseId":"ADMISSION","sequence":89,"status":"PASS","variant":"global-89"}
{"caseId":"ADMISSION","sequence":90,"status":"PASS","variant":"global-90"}
{"caseId":"ADMISSION","sequence":91,"status":"PASS","variant":"global-91"}
{"caseId":"ADMISSION","sequence":92,"status":"PASS","variant":"global-92"}
{"caseId":"ADMISSION","sequence":93,"status":"PASS","variant":"global-93"}
{"caseId":"ADMISSION","sequence":94,"status":"PASS","variant":"global-94"}
{"caseId":"ADMISSION","sequence":95,"status":"PASS","variant":"global-95"}
{"caseId":"ADMISSION","sequence":96,"status":"PASS","variant":"global-96"}
{"caseId":"ADMISSION","sequence":97,"status":"PASS","variant":"global-97"}
{"caseId":"ADMISSION","sequence":98,"status":"PASS","variant":"global-98"}
{"caseId":"ADMISSION","sequence":99,"status":"PASS","variant":"global-99"}
{"caseId":"ADMISSION","sequence":100,"status":"PASS","variant":"global-100"}
{"caseId":"ADMISSION","sequence":101,"status":"PASS","variant":"global-101"}
{"caseId":"ADMISSION","sequence":102,"status":"PASS","variant":"global-102"}
{"caseId":"ADMISSION","sequence":103,"status":"PASS","variant":"global-103"}
{"caseId":"ADMISSION","sequence":104,"status":"PASS","variant":"global-104"}
{"caseId":"ADMISSION","sequence":105,"status":"PASS","variant":"global-105"}
{"caseId":"ADMISSION","sequence":106,"status":"PASS","variant":"global-106"}
{"caseId":"ADMISSION","sequence":107,"status":"PASS","variant":"global-107"}
{"caseId":"ADMISSION","sequence":108,"status":"PASS","variant":"global-108"}
{"caseId":"ADMISSION","sequence":109,"status":"PASS","variant":"global-109"}
{"caseId":"ADMISSION","sequence":110,"status":"PASS","variant":"global-110"}
{"caseId":"ADMISSION","sequence":111,"status":"PASS","variant":"global-111"}
{"caseId":"ADMISSION","sequence":112,"status":"PASS","variant":"global-112"}
{"caseId":"ADMISSION","sequence":113,"status":"PASS","variant":"global-113"}
{"caseId":"ADMISSION","sequence":114,"status":"PASS","variant":"global-114"}
{"caseId":"ADMISSION","sequence":115,"status":"PASS","variant":"global-115"}
{"caseId":"ADMISSION","sequence":116,"status":"PASS","variant":"global-116"}
{"caseId":"ADMISSION","sequence":117,"status":"PASS","variant":"global-117"}
{"caseId":"ADMISSION","sequence":118,"status":"PASS","variant":"global-118"}
{"caseId":"ADMISSION","sequence":119,"status":"PASS","variant":"global-119"}
{"caseId":"ADMISSION","sequence":120,"status":"PASS","variant":"global-120"}
{"caseId":"ADMISSION","sequence":121,"status":"PASS","variant":"global-121"}
{"caseId":"ADMISSION","sequence":122,"status":"PASS","variant":"global-122"}
{"caseId":"ADMISSION","sequence":123,"status":"PASS","variant":"global-123"}
{"caseId":"ADMISSION","sequence":124,"status":"PASS","variant":"global-124"}
{"caseId":"ADMISSION","sequence":125,"status":"PASS","variant":"global-125"}
{"caseId":"ADMISSION","sequence":126,"status":"PASS","variant":"global-126"}
{"caseId":"ADMISSION","sequence":127,"status":"PASS","variant":"global-127"}
{"caseId":"ADMISSION","sequence":128,"status":"PASS","variant":"global-128"}
{"caseId":"ADMISSION","sequence":129,"status":"PASS","variant":"global-129"}
{"caseId":"ADMISSION","sequence":130,"status":"PASS","variant":"global-130"}
{"caseId":"ADMISSION","sequence":131,"status":"PASS","variant":"global-131"}
{"caseId":"ADMISSION","sequence":132,"status":"PASS","variant":"global-132"}
{"caseId":"ADMISSION","sequence":133,"status":"PASS","variant":"global-133"}
{"caseId":"ADMISSION","sequence":134,"status":"PASS","variant":"global-134"}
{"caseId":"ADMISSION","sequence":135,"status":"PASS","variant":"global-135"}
{"caseId":"ADMISSION","sequence":136,"status":"PASS","variant":"global-136"}
{"caseId":"ADMISSION","sequence":137,"status":"PASS","variant":"global-137"}
{"caseId":"ADMISSION","sequence":138,"status":"PASS","variant":"global-138"}
{"caseId":"ADMISSION","sequence":139,"status":"PASS","variant":"global-139"}
{"caseId":"ADMISSION","sequence":140,"status":"PASS","variant":"global-140"}
{"caseId":"ADMISSION","sequence":141,"status":"PASS","variant":"global-141"}
{"caseId":"ADMISSION","sequence":142,"status":"PASS","variant":"global-142"}
{"caseId":"ADMISSION","sequence":143,"status":"PASS","variant":"global-143"}
{"caseId":"ADMISSION","sequence":144,"status":"PASS","variant":"global-144"}
{"caseId":"ADMISSION","sequence":145,"status":"PASS","variant":"global-145"}
{"caseId":"ADMISSION","sequence":146,"status":"PASS","variant":"global-146"}
{"caseId":"ADMISSION","sequence":147,"status":"PASS","variant":"global-147"}
{"caseId":"ADMISSION","sequence":148,"status":"PASS","variant":"global-148"}
{"caseId":"ADMISSION","sequence":149,"status":"PASS","variant":"global-149"}
{"caseId":"ADMISSION","sequence":150,"status":"PASS","variant":"global-150"}
{"caseId":"ADMISSION","sequence":151,"status":"PASS","variant":"global-151"}
{"caseId":"ADMISSION","sequence":152,"status":"PASS","variant":"global-152"}
{"caseId":"ADMISSION","sequence":153,"status":"PASS","variant":"global-153"}
{"caseId":"ADMISSION","sequence":154,"status":"PASS","variant":"global-154"}
{"caseId":"ADMISSION","sequence":155,"status":"PASS","variant":"global-155"}
{"caseId":"ADMISSION","sequence":156,"status":"PASS","variant":"global-156"}
{"caseId":"ADMISSION","sequence":157,"status":"PASS","variant":"global-157"}
{"caseId":"ADMISSION","sequence":158,"status":"PASS","variant":"global-158"}
{"caseId":"ADMISSION","sequence":159,"status":"PASS","variant":"global-159"}
{"caseId":"ADMISSION","sequence":160,"status":"PASS","variant":"global-160"}
{"caseId":"ADMISSION","sequence":161,"status":"PASS","variant":"global-161"}
{"caseId":"ADMISSION","sequence":162,"status":"PASS","variant":"global-162"}
{"caseId":"ADMISSION","sequence":163,"status":"PASS","variant":"global-163"}
{"caseId":"ADMISSION","sequence":164,"status":"PASS","variant":"global-164"}
{"caseId":"ADMISSION","sequence":165,"status":"PASS","variant":"global-165"}
{"caseId":"ADMISSION","sequence":166,"status":"PASS","variant":"global-166"}
{"caseId":"ADMISSION","sequence":167,"status":"PASS","variant":"global-167"}
{"caseId":"ADMISSION","sequence":168,"status":"PASS","variant":"global-168"}
{"caseId":"ADMISSION","sequence":169,"status":"PASS","variant":"global-169"}
{"caseId":"ADMISSION","sequence":170,"status":"PASS","variant":"global-170"}
{"caseId":"ADMISSION","sequence":171,"status":"PASS","variant":"global-171"}
{"caseId":"ADMISSION","sequence":172,"status":"PASS","variant":"global-172"}
{"caseId":"ADMISSION","sequence":173,"status":"PASS","variant":"global-173"}
{"caseId":"ADMISSION","sequence":174,"status":"PASS","variant":"global-174"}
{"caseId":"ADMISSION","sequence":175,"status":"PASS","variant":"global-175"}
{"caseId":"ADMISSION","sequence":176,"status":"PASS","variant":"global-176"}
{"caseId":"ADMISSION","sequence":177,"status":"PASS","variant":"global-177"}
{"caseId":"ADMISSION","sequence":178,"status":"PASS","variant":"global-178"}
{"caseId":"ADMISSION","sequence":179,"status":"PASS","variant":"global-179"}
{"caseId":"ADMISSION","sequence":180,"status":"PASS","variant":"global-180"}
{"caseId":"ADMISSION","sequence":181,"status":"PASS","variant":"global-181"}
{"caseId":"ADMISSION","sequence":182,"status":"PASS","variant":"global-182"}
{"caseId":"ADMISSION","sequence":183,"status":"PASS","variant":"global-183"}
{"caseId":"ADMISSION","sequence":184,"status":"PASS","variant":"global-184"}
{"caseId":"ADMISSION","sequence":185,"status":"PASS","variant":"global-185"}
{"caseId":"ADMISSION","sequence":186,"status":"PASS","variant":"global-186"}
{"caseId":"ADMISSION","sequence":187,"status":"PASS","variant":"global-187"}
{"caseId":"ADMISSION","sequence":188,"status":"PASS","variant":"global-188"}
{"caseId":"ADMISSION","sequence":189,"status":"PASS","variant":"global-189"}
{"caseId":"ADMISSION","sequence":190,"status":"PASS","variant":"global-190"}
{"caseId":"ADMISSION","sequence":191,"status":"PASS","variant":"global-191"}
{"caseId":"ADMISSION","sequence":192,"status":"PASS","variant":"global-192"}
{"caseId":"ADMISSION","sequence":193,"status":"PASS","variant":"global-193"}
{"caseId":"ADMISSION","sequence":194,"status":"PASS","variant":"global-194"}
{"caseId":"ADMISSION","sequence":195,"status":"PASS","variant":"global-195"}
{"caseId":"ADMISSION","sequence":196,"status":"PASS","variant":"global-196"}
{"caseId":"ADMISSION","sequence":197,"status":"PASS","variant":"global-197"}
{"caseId":"ADMISSION","sequence":198,"status":"PASS","variant":"global-198"}
{"caseId":"ADMISSION","sequence":199,"status":"PASS","variant":"global-199"}
{"caseId":"ADMISSION","sequence":200,"status":"PASS","variant":"global-over"}
{"caseId":"ADMISSION","sequence":201,"status":"PASS","variant":"actor-0"}
{"caseId":"ADMISSION","sequence":202,"status":"PASS","variant":"actor-1"}
{"caseId":"ADMISSION","sequence":203,"status":"PASS","variant":"actor-2"}
{"caseId":"ADMISSION","sequence":204,"status":"PASS","variant":"actor-3"}
{"caseId":"ADMISSION","sequence":205,"status":"PASS","variant":"actor-4"}
{"caseId":"ADMISSION","sequence":206,"status":"PASS","variant":"actor-5"}
{"caseId":"ADMISSION","sequence":207,"status":"PASS","variant":"actor-6"}
{"caseId":"ADMISSION","sequence":208,"status":"PASS","variant":"actor-7"}
{"caseId":"ADMISSION","sequence":209,"status":"PASS","variant":"actor-8"}
{"caseId":"ADMISSION","sequence":210,"status":"PASS","variant":"actor-9"}
{"caseId":"ADMISSION","sequence":211,"status":"PASS","variant":"actor-10"}
{"caseId":"ADMISSION","sequence":212,"status":"PASS","variant":"actor-11"}
{"caseId":"ADMISSION","sequence":213,"status":"PASS","variant":"actor-12"}
{"caseId":"ADMISSION","sequence":214,"status":"PASS","variant":"actor-13"}
{"caseId":"ADMISSION","sequence":215,"status":"PASS","variant":"actor-14"}
{"caseId":"ADMISSION","sequence":216,"status":"PASS","variant":"actor-15"}
{"caseId":"ADMISSION","sequence":217,"status":"PASS","variant":"actor-16"}
{"caseId":"ADMISSION","sequence":218,"status":"PASS","variant":"actor-17"}
{"caseId":"ADMISSION","sequence":219,"status":"PASS","variant":"actor-18"}
{"caseId":"ADMISSION","sequence":220,"status":"PASS","variant":"actor-19"}
{"caseId":"ADMISSION","sequence":221,"status":"PASS","variant":"actor-20"}
{"caseId":"ADMISSION","sequence":222,"status":"PASS","variant":"actor-21"}
{"caseId":"ADMISSION","sequence":223,"status":"PASS","variant":"actor-22"}
{"caseId":"ADMISSION","sequence":224,"status":"PASS","variant":"actor-23"}
{"caseId":"ADMISSION","sequence":225,"status":"PASS","variant":"actor-24"}
{"caseId":"ADMISSION","sequence":226,"status":"PASS","variant":"actor-25"}
{"caseId":"ADMISSION","sequence":227,"status":"PASS","variant":"actor-26"}
{"caseId":"ADMISSION","sequence":228,"status":"PASS","variant":"actor-27"}
{"caseId":"ADMISSION","sequence":229,"status":"PASS","variant":"actor-28"}
{"caseId":"ADMISSION","sequence":230,"status":"PASS","variant":"actor-29"}
{"caseId":"ADMISSION","sequence":231,"status":"PASS","variant":"actor-30"}
{"caseId":"ADMISSION","sequence":232,"status":"PASS","variant":"actor-31"}
{"caseId":"ADMISSION","sequence":233,"status":"PASS","variant":"actor-32"}
{"caseId":"ADMISSION","sequence":234,"status":"PASS","variant":"actor-33"}
{"caseId":"ADMISSION","sequence":235,"status":"PASS","variant":"actor-34"}
{"caseId":"ADMISSION","sequence":236,"status":"PASS","variant":"actor-35"}
{"caseId":"ADMISSION","sequence":237,"status":"PASS","variant":"actor-36"}
{"caseId":"ADMISSION","sequence":238,"status":"PASS","variant":"actor-37"}
{"caseId":"ADMISSION","sequence":239,"status":"PASS","variant":"actor-38"}
{"caseId":"ADMISSION","sequence":240,"status":"PASS","variant":"actor-39"}
{"caseId":"ADMISSION","sequence":241,"status":"PASS","variant":"actor-isolation"}
{"caseId":"ADMISSION","sequence":242,"status":"PASS","variant":"refill"}
{"caseId":"ADMISSION","sequence":243,"status":"PASS","variant":"worker-held"}
{"caseId":"ADMISSION","sequence":244,"status":"PASS","variant":"queue-0"}
{"caseId":"ADMISSION","sequence":245,"status":"PASS","variant":"queue-1"}
{"caseId":"ADMISSION","sequence":246,"status":"PASS","variant":"queue-2"}
{"caseId":"ADMISSION","sequence":247,"status":"PASS","variant":"queue-3"}
{"caseId":"ADMISSION","sequence":248,"status":"PASS","variant":"queue-4"}
{"caseId":"ADMISSION","sequence":249,"status":"PASS","variant":"queue-5"}
{"caseId":"ADMISSION","sequence":250,"status":"PASS","variant":"queue-6"}
{"caseId":"ADMISSION","sequence":251,"status":"PASS","variant":"queue-7"}
{"caseId":"ADMISSION","sequence":252,"status":"PASS","variant":"queue-8"}
{"caseId":"ADMISSION","sequence":253,"status":"PASS","variant":"queue-9"}
{"caseId":"ADMISSION","sequence":254,"status":"PASS","variant":"queue-10"}
{"caseId":"ADMISSION","sequence":255,"status":"PASS","variant":"queue-11"}
{"caseId":"ADMISSION","sequence":256,"status":"PASS","variant":"queue-12"}
{"caseId":"ADMISSION","sequence":257,"status":"PASS","variant":"queue-13"}
{"caseId":"ADMISSION","sequence":258,"status":"PASS","variant":"queue-14"}
{"caseId":"ADMISSION","sequence":259,"status":"PASS","variant":"queue-15"}
{"caseId":"ADMISSION","sequence":260,"status":"PASS","variant":"queue-16"}
{"caseId":"ADMISSION","sequence":261,"status":"PASS","variant":"queue-17"}
{"caseId":"ADMISSION","sequence":262,"status":"PASS","variant":"queue-18"}
{"caseId":"ADMISSION","sequence":263,"status":"PASS","variant":"queue-19"}
{"caseId":"ADMISSION","sequence":264,"status":"PASS","variant":"queue-20"}
{"caseId":"ADMISSION","sequence":265,"status":"PASS","variant":"queue-21"}
{"caseId":"ADMISSION","sequence":266,"status":"PASS","variant":"queue-22"}
{"caseId":"ADMISSION","sequence":267,"status":"PASS","variant":"queue-23"}
{"caseId":"ADMISSION","sequence":268,"status":"PASS","variant":"queue-24"}
{"caseId":"ADMISSION","sequence":269,"status":"PASS","variant":"queue-25"}
{"caseId":"ADMISSION","sequence":270,"status":"PASS","variant":"queue-26"}
{"caseId":"ADMISSION","sequence":271,"status":"PASS","variant":"queue-27"}
{"caseId":"ADMISSION","sequence":272,"status":"PASS","variant":"queue-28"}
{"caseId":"ADMISSION","sequence":273,"status":"PASS","variant":"queue-29"}
{"caseId":"ADMISSION","sequence":274,"status":"PASS","variant":"queue-30"}
{"caseId":"ADMISSION","sequence":275,"status":"PASS","variant":"queue-31"}
{"caseId":"ADMISSION","sequence":276,"status":"PASS","variant":"queue-32"}
{"caseId":"ADMISSION","sequence":277,"status":"PASS","variant":"queue-33"}
{"caseId":"ADMISSION","sequence":278,"status":"PASS","variant":"queue-34"}
{"caseId":"ADMISSION","sequence":279,"status":"PASS","variant":"queue-35"}
{"caseId":"ADMISSION","sequence":280,"status":"PASS","variant":"queue-36"}
{"caseId":"ADMISSION","sequence":281,"status":"PASS","variant":"queue-37"}
{"caseId":"ADMISSION","sequence":282,"status":"PASS","variant":"queue-38"}
{"caseId":"ADMISSION","sequence":283,"status":"PASS","variant":"queue-39"}
{"caseId":"ADMISSION","sequence":284,"status":"PASS","variant":"queue-40"}
{"caseId":"ADMISSION","sequence":285,"status":"PASS","variant":"queue-41"}
{"caseId":"ADMISSION","sequence":286,"status":"PASS","variant":"queue-42"}
{"caseId":"ADMISSION","sequence":287,"status":"PASS","variant":"queue-43"}
{"caseId":"ADMISSION","sequence":288,"status":"PASS","variant":"queue-44"}
{"caseId":"ADMISSION","sequence":289,"status":"PASS","variant":"queue-45"}
{"caseId":"ADMISSION","sequence":290,"status":"PASS","variant":"queue-46"}
{"caseId":"ADMISSION","sequence":291,"status":"PASS","variant":"queue-47"}
{"caseId":"ADMISSION","sequence":292,"status":"PASS","variant":"queue-48"}
{"caseId":"ADMISSION","sequence":293,"status":"PASS","variant":"queue-49"}
{"caseId":"ADMISSION","sequence":294,"status":"PASS","variant":"queue-50"}
{"caseId":"ADMISSION","sequence":295,"status":"PASS","variant":"queue-51"}
{"caseId":"ADMISSION","sequence":296,"status":"PASS","variant":"queue-52"}
{"caseId":"ADMISSION","sequence":297,"status":"PASS","variant":"queue-53"}
{"caseId":"ADMISSION","sequence":298,"status":"PASS","variant":"queue-54"}
{"caseId":"ADMISSION","sequence":299,"status":"PASS","variant":"queue-55"}
{"caseId":"ADMISSION","sequence":300,"status":"PASS","variant":"queue-56"}
{"caseId":"ADMISSION","sequence":301,"status":"PASS","variant":"queue-57"}
{"caseId":"ADMISSION","sequence":302,"status":"PASS","variant":"queue-58"}
{"caseId":"ADMISSION","sequence":303,"status":"PASS","variant":"queue-59"}
{"caseId":"ADMISSION","sequence":304,"status":"PASS","variant":"queue-60"}
{"caseId":"ADMISSION","sequence":305,"status":"PASS","variant":"queue-61"}
{"caseId":"ADMISSION","sequence":306,"status":"PASS","variant":"queue-62"}
{"caseId":"ADMISSION","sequence":307,"status":"PASS","variant":"queue-63"}
{"caseId":"ADMISSION","sequence":308,"status":"PASS","variant":"queue-over"}
{"caseId":"ADMISSION","sequence":309,"status":"PASS","variant":"drain-stops-admission"}
<end of output>
Test time =   0.04 sec
----------------------------------------------------------
Test Passed.
"ADMISSION" end time: Sep 17 16:47 UTC
"ADMISSION" time elapsed: 00:00:00
----------------------------------------------------------

End testing: Sep 17 16:47 UTC
