<?xml version="1.0" encoding="UTF-8"?>
<testsuite name="(empty)"
	tests="8"
	failures="0"
	disabled="0"
	skipped="0"
	hostname=""
	time="0"
	timestamp="2026-09-16T13:00:37"
	>
	<testcase name="grammar" classname="grammar" time="0.00377013" status="run">
		<properties/>
		<system-out>grammar PASS
</system-out>
	</testcase>
	<testcase name="unicode" classname="unicode" time="0.00326302" status="run">
		<properties/>
		<system-out>unicode PASS
</system-out>
	</testcase>
	<testcase name="atomicity" classname="atomicity" time="0.0868523" status="run">
		<properties/>
		<system-out>atomicity PASS
</system-out>
	</testcase>
	<testcase name="rollback" classname="rollback" time="0.0155946" status="run">
		<properties/>
		<system-out>rollback PASS
</system-out>
	</testcase>
	<testcase name="sql" classname="sql" time="0.0145901" status="run">
		<properties/>
		<system-out>sql PASS
</system-out>
	</testcase>
	<testcase name="concurrency" classname="concurrency" time="0.0186497" status="run">
		<properties/>
		<system-out>concurrency PASS
</system-out>
	</testcase>
	<testcase name="crash" classname="crash" time="0.0671809" status="run">
		<properties/>
		<system-out>crash PASS
</system-out>
	</testcase>
	<testcase name="lifetime" classname="lifetime" time="0.00345114" status="run">
		<properties/>
		<system-out>lifetime PASS
</system-out>
	</testcase>
</testsuite>
