<?xml version="1.0" encoding="UTF-8"?>
<testsuite name="org.kidea.lab.LabControllerTest" tests="11" skipped="0" failures="0" errors="0" timestamp="2026-09-16T17:23:23.416Z" hostname="ef311318418a" time="0.482">
  <properties/>
  <testcase name="closingOwnerCancelsSuspendedWork" classname="org.kidea.lab.LabControllerTest" time="0.315"/>
  <testcase name="logoutAndActorSwitchRejectLateCallbacks" classname="org.kidea.lab.LabControllerTest" time="0.002"/>
  <testcase name="versionsAreExactAndOverflowRejected" classname="org.kidea.lab.LabControllerTest" time="0.006"/>
  <testcase name="staleGenerationCannotReplaceNewerData" classname="org.kidea.lab.LabControllerTest" time="0.002"/>
  <testcase name="cacheSeparatesActorEpochAndWorkshop" classname="org.kidea.lab.LabControllerTest" time="0.021"/>
  <testcase name="cancellationDoesNotPublishFallbackState" classname="org.kidea.lab.LabControllerTest" time="0.056"/>
  <testcase name="workUsesInjectedDispatcher" classname="org.kidea.lab.LabControllerTest" time="0.005"/>
  <testcase name="unknownReconciliationKeepsIntentAndDoesNotResubmit" classname="org.kidea.lab.LabControllerTest" time="0.01"/>
  <testcase name="readingStateNeverSubmitsAndIntentIsSingle" classname="org.kidea.lab.LabControllerTest" time="0.004"/>
  <testcase name="cacheSeparatesIdentitiesContainingDelimiters" classname="org.kidea.lab.LabControllerTest" time="0.003"/>
  <testcase name="closedOwnerRejectsCallback" classname="org.kidea.lab.LabControllerTest" time="0.002"/>
  <system-out><![CDATA[]]></system-out>
  <system-err><![CDATA[]]></system-err>
</testsuite>
